19-Jan-2024 13:13:12.211 INFO [main] org.apache.catalina.startup.VersionLoggerListener.log Server version name:   Apache Tomcat/9.0.83
19-Jan-2024 13:13:12.230 INFO [main] org.apache.catalina.startup.VersionLoggerListener.log Server built:          Nov 9 2023 20:57:42 UTC
19-Jan-2024 13:13:12.230 INFO [main] org.apache.catalina.startup.VersionLoggerListener.log Server version number: 9.0.83.0
19-Jan-2024 13:13:12.230 INFO [main] org.apache.catalina.startup.VersionLoggerListener.log OS Name:               Mac OS X
19-Jan-2024 13:13:12.231 INFO [main] org.apache.catalina.startup.VersionLoggerListener.log Версия ОС:             14.1.2
19-Jan-2024 13:13:12.239 INFO [main] org.apache.catalina.startup.VersionLoggerListener.log Архитектура:           aarch64
19-Jan-2024 13:13:12.240 INFO [main] org.apache.catalina.startup.VersionLoggerListener.log Java Home:             /Users/elizavetaefrosinina/Library/Java/JavaVirtualMachines/corretto-11.0.21/Contents/Home
19-Jan-2024 13:13:12.240 INFO [main] org.apache.catalina.startup.VersionLoggerListener.log Версия JVM:            11.0.21+9-LTS
19-Jan-2024 13:13:12.240 INFO [main] org.apache.catalina.startup.VersionLoggerListener.log Производитель JVM:     Amazon.com Inc.
19-Jan-2024 13:13:12.240 INFO [main] org.apache.catalina.startup.VersionLoggerListener.log CATALINA_BASE:         /Users/elizavetaefrosinina/IdeaProjects/PP_3_1_6
19-Jan-2024 13:13:12.240 INFO [main] org.apache.catalina.startup.VersionLoggerListener.log CATALINA_HOME:         /Users/elizavetaefrosinina/Downloads/apache-tomcat-9.0.83
19-Jan-2024 13:13:12.254 INFO [main] org.apache.catalina.startup.VersionLoggerListener.log Command line argument: --add-opens=java.base/java.lang=ALL-UNNAMED
19-Jan-2024 13:13:12.255 INFO [main] org.apache.catalina.startup.VersionLoggerListener.log Command line argument: --add-opens=java.base/java.io=ALL-UNNAMED
19-Jan-2024 13:13:12.255 INFO [main] org.apache.catalina.startup.VersionLoggerListener.log Command line argument: --add-opens=java.base/java.util=ALL-UNNAMED
19-Jan-2024 13:13:12.255 INFO [main] org.apache.catalina.startup.VersionLoggerListener.log Command line argument: --add-opens=java.base/java.util.concurrent=ALL-UNNAMED
19-Jan-2024 13:13:12.255 INFO [main] org.apache.catalina.startup.VersionLoggerListener.log Command line argument: --add-opens=java.rmi/sun.rmi.transport=ALL-UNNAMED
19-Jan-2024 13:13:12.255 INFO [main] org.apache.catalina.startup.VersionLoggerListener.log Command line argument: -Dcatalina.home=/Users/elizavetaefrosinina/Downloads/apache-tomcat-9.0.83
19-Jan-2024 13:13:12.255 INFO [main] org.apache.catalina.startup.VersionLoggerListener.log Command line argument: -Dcatalina.base=/Users/elizavetaefrosinina/IdeaProjects/PP_3_1_6
19-Jan-2024 13:13:12.255 INFO [main] org.apache.catalina.startup.VersionLoggerListener.log Command line argument: -Djava.io.tmpdir=/Users/elizavetaefrosinina/IdeaProjects/PP_3_1_6/temp
19-Jan-2024 13:13:12.255 INFO [main] org.apache.catalina.startup.VersionLoggerListener.log Command line argument: -Djava.util.logging.config.file=/Users/elizavetaefrosinina/IdeaProjects/PP_3_1_6/conf/logging.properties
19-Jan-2024 13:13:12.255 INFO [main] org.apache.catalina.startup.VersionLoggerListener.log Command line argument: -Djava.util.logging.manager=org.apache.juli.ClassLoaderLogManager
19-Jan-2024 13:13:12.255 INFO [main] org.apache.catalina.startup.VersionLoggerListener.log Command line argument: -javaagent:/Users/elizavetaefrosinina/Applications/IntelliJ IDEA Community Edition.app/Contents/lib/idea_rt.jar=55022:/Users/elizavetaefrosinina/Applications/IntelliJ IDEA Community Edition.app/Contents/bin
19-Jan-2024 13:13:12.255 INFO [main] org.apache.catalina.startup.VersionLoggerListener.log Command line argument: -Dfile.encoding=UTF-8
19-Jan-2024 13:13:12.265 INFO [main] org.apache.catalina.core.AprLifecycleListener.lifecycleEvent The Apache Tomcat Native library which allows using OpenSSL was not found on the java.library.path: [/Users/elizavetaefrosinina/Library/Java/Extensions:/Library/Java/Extensions:/Network/Library/Java/Extensions:/System/Library/Java/Extensions:/usr/lib/java:.]
19-Jan-2024 13:13:12.492 INFO [main] org.apache.coyote.AbstractProtocol.init Инициализация ProtocolHandler ["http-nio-8080"]
19-Jan-2024 13:13:12.508 INFO [main] org.apache.catalina.startup.Catalina.load Server initialization in [425] milliseconds
19-Jan-2024 13:13:12.536 INFO [main] org.apache.catalina.core.StandardService.startInternal Starting service [Catalina]
19-Jan-2024 13:13:12.536 INFO [main] org.apache.catalina.core.StandardEngine.startInternal Starting Servlet engine: [Apache Tomcat/9.0.83]
19-Jan-2024 13:13:12.542 INFO [main] org.apache.catalina.startup.HostConfig.deployDescriptor Deploying deployment descriptor [/Users/elizavetaefrosinina/IdeaProjects/PP_3_1_6/conf/Catalina/localhost/PP_3_1_6.xml]
19-Jan-2024 13:13:13.113 INFO [main] org.apache.jasper.servlet.TldScanner.scanJars At least one JAR was scanned for TLDs yet contained no TLDs. Enable debug logging for this logger for a complete list of JARs that were scanned but no TLDs were found in them. Skipping unneeded JARs during scanning can improve startup time and JSP compilation time.
19-Jan-2024 13:13:13.129 INFO [main] org.apache.catalina.startup.HostConfig.deployDescriptor Deployment of deployment descriptor [/Users/elizavetaefrosinina/IdeaProjects/PP_3_1_6/conf/Catalina/localhost/PP_3_1_6.xml] has finished in [586] ms
19-Jan-2024 13:13:13.131 INFO [main] org.apache.coyote.AbstractProtocol.start Starting ProtocolHandler ["http-nio-8080"]
19-Jan-2024 13:13:13.137 INFO [main] org.apache.catalina.startup.Catalina.start Server startup in [629] milliseconds
19-Jan-2024 19:07:25.500 INFO [Thread-1] org.apache.coyote.AbstractProtocol.pause Pausing ProtocolHandler ["http-nio-8080"]
19-Jan-2024 19:07:25.503 INFO [Thread-1] org.apache.catalina.core.StandardService.stopInternal Stopping service [Catalina]
19-Jan-2024 19:07:25.513 INFO [Thread-1] org.apache.coyote.AbstractProtocol.stop Stopping ProtocolHandler ["http-nio-8080"]
19-Jan-2024 19:07:25.516 INFO [Thread-1] org.apache.coyote.AbstractProtocol.destroy Destroying ProtocolHandler ["http-nio-8080"]
